<?xml version="1.0" encoding="UTF-8"?>
<testng-results skipped="0" failed="0" total="1" passed="1">
  <reporter-output>
  </reporter-output>
  <suite name="Default suite" duration-ms="14969" started-at="2016-01-13T03:07:47Z" finished-at="2016-01-13T03:08:02Z">
    <groups>
    </groups>
    <test name="Default test" duration-ms="14969" started-at="2016-01-13T03:07:47Z" finished-at="2016-01-13T03:08:02Z">
      <class name="testingPackage.createAccount">
        <test-method status="PASS" signature="launchBrowser()[pri:0, instance:testingPackage.createAccount@35bbe5e8]" name="launchBrowser" is-config="true" duration-ms="5561" started-at="2016-01-12T21:07:47Z" finished-at="2016-01-12T21:07:53Z">
          <reporter-output>
          </reporter-output>
        </test-method> <!-- launchBrowser -->
        <test-method status="PASS" signature="account()[pri:0, instance:testingPackage.createAccount@35bbe5e8]" name="account" duration-ms="7737" started-at="2016-01-12T21:07:53Z" finished-at="2016-01-12T21:08:00Z">
          <reporter-output>
          </reporter-output>
        </test-method> <!-- account -->
        <test-method status="PASS" signature="closeBrowser()[pri:0, instance:testingPackage.createAccount@35bbe5e8]" name="closeBrowser" is-config="true" duration-ms="1654" started-at="2016-01-12T21:08:00Z" finished-at="2016-01-12T21:08:02Z">
          <reporter-output>
          </reporter-output>
        </test-method> <!-- closeBrowser -->
      </class> <!-- testingPackage.createAccount -->
    </test> <!-- Default test -->
  </suite> <!-- Default suite -->
</testng-results>
