<?xml version="1.0" encoding="UTF-8"?>
<!-- Generated by org.testng.reporters.JUnitXMLReporter -->
<testsuite hostname="USRIRILP00162" name="Test" tests="4" failures="0" timestamp="10 Feb 2016 21:10:15 GMT" time="27.79" errors="0">
  <testcase name="login" time="0.475" classname="TestCases.loginTest"/>
  <testcase name="testEditCustLinks" time="0.913" classname="TestCases.homePageTest"/>
  <testcase name="testNewCustLinks" time="0.852" classname="TestCases.homePageTest"/>
  <testcase name="testdeleteCustLinks" time="0.779" classname="TestCases.homePageTest"/>
</testsuite> <!-- Test -->
