<?xml version="1.0" encoding="UTF-8"?>
<testng-results skipped="0" failed="0" total="4" passed="4">
  <reporter-output>
  </reporter-output>
  <suite name="Suite" duration-ms="27790" started-at="2016-02-10T15:09:47Z" finished-at="2016-02-10T15:10:15Z">
    <groups>
    </groups>
    <test name="Test" duration-ms="27790" started-at="2016-02-10T15:09:47Z" finished-at="2016-02-10T15:10:15Z">
      <class name="TestCases.homePageTest">
        <test-method status="PASS" signature="browserLaunch()[pri:0, instance:TestCases.homePageTest@28864e92]" name="browserLaunch" is-config="true" duration-ms="3915" started-at="2016-02-10T15:09:56Z" finished-at="2016-02-10T15:10:00Z">
        </test-method> <!-- browserLaunch -->
        <test-method status="PASS" signature="testEditCustLinks()[pri:0, instance:TestCases.homePageTest@28864e92]" name="testEditCustLinks" duration-ms="913" started-at="2016-02-10T15:10:00Z" finished-at="2016-02-10T15:10:01Z">
        </test-method> <!-- testEditCustLinks -->
        <test-method status="PASS" signature="browserClose()[pri:0, instance:TestCases.homePageTest@28864e92]" name="browserClose" is-config="true" duration-ms="2133" started-at="2016-02-10T15:10:01Z" finished-at="2016-02-10T15:10:03Z">
        </test-method> <!-- browserClose -->
        <test-method status="PASS" signature="browserLaunch()[pri:0, instance:TestCases.homePageTest@28864e92]" name="browserLaunch" is-config="true" duration-ms="3985" started-at="2016-02-10T15:10:03Z" finished-at="2016-02-10T15:10:07Z">
        </test-method> <!-- browserLaunch -->
        <test-method status="PASS" signature="testNewCustLinks()[pri:0, instance:TestCases.homePageTest@28864e92]" name="testNewCustLinks" duration-ms="852" started-at="2016-02-10T15:10:07Z" finished-at="2016-02-10T15:10:08Z">
        </test-method> <!-- testNewCustLinks -->
        <test-method status="PASS" signature="browserClose()[pri:0, instance:TestCases.homePageTest@28864e92]" name="browserClose" is-config="true" duration-ms="1277" started-at="2016-02-10T15:10:08Z" finished-at="2016-02-10T15:10:09Z">
        </test-method> <!-- browserClose -->
        <test-method status="PASS" signature="browserLaunch()[pri:0, instance:TestCases.homePageTest@28864e92]" name="browserLaunch" is-config="true" duration-ms="3575" started-at="2016-02-10T15:10:09Z" finished-at="2016-02-10T15:10:13Z">
        </test-method> <!-- browserLaunch -->
        <test-method status="PASS" signature="testdeleteCustLinks()[pri:0, instance:TestCases.homePageTest@28864e92]" name="testdeleteCustLinks" duration-ms="779" started-at="2016-02-10T15:10:13Z" finished-at="2016-02-10T15:10:13Z">
        </test-method> <!-- testdeleteCustLinks -->
        <test-method status="PASS" signature="browserClose()[pri:0, instance:TestCases.homePageTest@28864e92]" name="browserClose" is-config="true" duration-ms="1256" started-at="2016-02-10T15:10:13Z" finished-at="2016-02-10T15:10:15Z">
        </test-method> <!-- browserClose -->
      </class> <!-- TestCases.homePageTest -->
      <class name="TestCases.loginTest">
        <test-method status="PASS" signature="browserLaunch()[pri:0, instance:TestCases.loginTest@721e0f4f]" name="browserLaunch" is-config="true" duration-ms="7285" started-at="2016-02-10T15:09:47Z" finished-at="2016-02-10T15:09:54Z">
        </test-method> <!-- browserLaunch -->
        <test-method status="PASS" signature="login()[pri:0, instance:TestCases.loginTest@721e0f4f]" name="login" duration-ms="475" started-at="2016-02-10T15:09:54Z" finished-at="2016-02-10T15:09:55Z">
        </test-method> <!-- login -->
        <test-method status="PASS" signature="browserClose()[pri:0, instance:TestCases.loginTest@721e0f4f]" name="browserClose" is-config="true" duration-ms="1318" started-at="2016-02-10T15:09:55Z" finished-at="2016-02-10T15:09:56Z">
        </test-method> <!-- browserClose -->
      </class> <!-- TestCases.loginTest -->
    </test> <!-- Test -->
  </suite> <!-- Suite -->
</testng-results>
